0 info it worked if it ends with ok
1 verbose cli [ '/usr/bin/node', '/usr/bin/npm', 'install', 'gulp@next' ]
2 info using npm@3.5.2
3 info using node@v8.10.0
4 silly loadCurrentTree Starting
5 silly install loadCurrentTree
6 silly install readLocalPackageData
7 silly fetchPackageMetaData gulp@next
8 silly fetchNamedPackageData gulp
9 silly mapToRegistry name gulp
10 silly mapToRegistry using default registry
11 silly mapToRegistry registry https://registry.npmjs.org/
12 silly mapToRegistry uri https://registry.npmjs.org/gulp
13 verbose request uri https://registry.npmjs.org/gulp
14 verbose request no auth needed
15 info attempt registry request try #1 at 16:01:31
16 verbose request id ac873db05d6adf00
17 verbose etag W/"75161e67bbd8bbdfe6a6767daea2737e"
18 verbose lastModified Fri, 26 Jun 2020 20:53:36 GMT
19 http request GET https://registry.npmjs.org/gulp
20 http 304 https://registry.npmjs.org/gulp
21 verbose headers { date: 'Thu, 22 Oct 2020 13:01:32 GMT',
21 verbose headers   connection: 'keep-alive',
21 verbose headers   'set-cookie':
21 verbose headers    [ '__cfduid=db8af3f272d459f77df8e30785c41e2b01603371692; expires=Sat, 21-Nov-20 13:01:32 GMT; path=/; domain=.npmjs.org; HttpOnly; SameSite=Lax' ],
21 verbose headers   'cf-ray': '5e6368544af14971-DME',
21 verbose headers   age: '646',
21 verbose headers   'cache-control': 'public, max-age=300',
21 verbose headers   etag: '"75161e67bbd8bbdfe6a6767daea2737e"',
21 verbose headers   'last-modified': 'Fri, 26 Jun 2020 20:53:36 GMT',
21 verbose headers   vary: 'Accept-Encoding',
21 verbose headers   'cf-cache-status': 'HIT',
21 verbose headers   'cf-request-id': '05f1ff88af00004971071fa000000001',
21 verbose headers   'expect-ct': 'max-age=604800, report-uri="https://report-uri.cloudflare.com/cdn-cgi/beacon/expect-ct"',
21 verbose headers   server: 'cloudflare' }
22 silly get cb [ 304,
22 silly get   { date: 'Thu, 22 Oct 2020 13:01:32 GMT',
22 silly get     connection: 'keep-alive',
22 silly get     'set-cookie':
22 silly get      [ '__cfduid=db8af3f272d459f77df8e30785c41e2b01603371692; expires=Sat, 21-Nov-20 13:01:32 GMT; path=/; domain=.npmjs.org; HttpOnly; SameSite=Lax' ],
22 silly get     'cf-ray': '5e6368544af14971-DME',
22 silly get     age: '646',
22 silly get     'cache-control': 'public, max-age=300',
22 silly get     etag: '"75161e67bbd8bbdfe6a6767daea2737e"',
22 silly get     'last-modified': 'Fri, 26 Jun 2020 20:53:36 GMT',
22 silly get     vary: 'Accept-Encoding',
22 silly get     'cf-cache-status': 'HIT',
22 silly get     'cf-request-id': '05f1ff88af00004971071fa000000001',
22 silly get     'expect-ct': 'max-age=604800, report-uri="https://report-uri.cloudflare.com/cdn-cgi/beacon/expect-ct"',
22 silly get     server: 'cloudflare' } ]
23 verbose etag https://registry.npmjs.org/gulp from cache
24 verbose get saving gulp to /home/olga/.npm/registry.npmjs.org/gulp/.cache.json
25 silly fetchPackageMetaData Error: No compatible version found: gulp@next
25 silly fetchPackageMetaData Valid install targets:
25 silly fetchPackageMetaData 4.0.2, 4.0.1, 4.0.0, 3.9.1, 3.9.0, 3.8.11, 3.8.10, 3.8.9, 3.8.8, 3.8.7, 3.8.6, 3.8.5, 3.8.4, 3.8.3, 3.8.2, 3.8.1, 3.8.0, 3.7.0, 3.6.2, 3.6.1, 3.6.0, 3.5.6, 3.5.5, 3.5.2, 3.5.1, 3.5.0, 3.4.0, 3.3.4, 3.3.2, 3.3.1, 3.3.0, 3.2.5, 3.2.4, 3.2.3, 3.2.2, 3.2.1, 3.2.0, 3.1.4, 3.1.3, 3.1.2, 3.1.1, 3.0.0, 2.7.0, 2.6.1, 2.6.0, 2.4.1, 2.4.0, 2.3.0, 2.2.0, 2.1.0, 2.0.1, 2.0.0, 1.2.1, 1.2.0, 1.1.0, 1.0.0, 0.2.0, 0.1.0, 0.0.9, 0.0.8, 0.0.7, 0.0.5, 0.0.4, 0.0.3, 0.0.2, 0.0.1
25 silly fetchPackageMetaData
25 silly fetchPackageMetaData     at pickVersionFromRegistryDocument (/usr/share/npm/lib/fetch-package-metadata.js:156:16)
25 silly fetchPackageMetaData     at /usr/share/npm/node_modules/iferr/index.js:13:50
25 silly fetchPackageMetaData     at /usr/share/npm/lib/utils/pulse-till-done.js:19:8
25 silly fetchPackageMetaData     at saved (/usr/share/npm/lib/cache/caching-client.js:168:7)
25 silly fetchPackageMetaData     at /usr/share/npm/node_modules/graceful-fs/polyfills.js:210:7
25 silly fetchPackageMetaData     at FSReqWrap.oncomplete (fs.js:135:15)
25 silly fetchPackageMetaData  error for gulp@next Error: No compatible version found: gulp@next
25 silly fetchPackageMetaData Valid install targets:
25 silly fetchPackageMetaData 4.0.2, 4.0.1, 4.0.0, 3.9.1, 3.9.0, 3.8.11, 3.8.10, 3.8.9, 3.8.8, 3.8.7, 3.8.6, 3.8.5, 3.8.4, 3.8.3, 3.8.2, 3.8.1, 3.8.0, 3.7.0, 3.6.2, 3.6.1, 3.6.0, 3.5.6, 3.5.5, 3.5.2, 3.5.1, 3.5.0, 3.4.0, 3.3.4, 3.3.2, 3.3.1, 3.3.0, 3.2.5, 3.2.4, 3.2.3, 3.2.2, 3.2.1, 3.2.0, 3.1.4, 3.1.3, 3.1.2, 3.1.1, 3.0.0, 2.7.0, 2.6.1, 2.6.0, 2.4.1, 2.4.0, 2.3.0, 2.2.0, 2.1.0, 2.0.1, 2.0.0, 1.2.1, 1.2.0, 1.1.0, 1.0.0, 0.2.0, 0.1.0, 0.0.9, 0.0.8, 0.0.7, 0.0.5, 0.0.4, 0.0.3, 0.0.2, 0.0.1
25 silly fetchPackageMetaData
25 silly fetchPackageMetaData     at pickVersionFromRegistryDocument (/usr/share/npm/lib/fetch-package-metadata.js:156:16)
25 silly fetchPackageMetaData     at /usr/share/npm/node_modules/iferr/index.js:13:50
25 silly fetchPackageMetaData     at /usr/share/npm/lib/utils/pulse-till-done.js:19:8
25 silly fetchPackageMetaData     at saved (/usr/share/npm/lib/cache/caching-client.js:168:7)
25 silly fetchPackageMetaData     at /usr/share/npm/node_modules/graceful-fs/polyfills.js:210:7
25 silly fetchPackageMetaData     at FSReqWrap.oncomplete (fs.js:135:15)
26 silly rollbackFailedOptional Starting
27 silly rollbackFailedOptional Finishing
28 silly runTopLevelLifecycles Starting
29 silly runTopLevelLifecycles Finishing
30 silly install printInstalled
31 verbose stack Error: No compatible version found: gulp@next
31 verbose stack Valid install targets:
31 verbose stack 4.0.2, 4.0.1, 4.0.0, 3.9.1, 3.9.0, 3.8.11, 3.8.10, 3.8.9, 3.8.8, 3.8.7, 3.8.6, 3.8.5, 3.8.4, 3.8.3, 3.8.2, 3.8.1, 3.8.0, 3.7.0, 3.6.2, 3.6.1, 3.6.0, 3.5.6, 3.5.5, 3.5.2, 3.5.1, 3.5.0, 3.4.0, 3.3.4, 3.3.2, 3.3.1, 3.3.0, 3.2.5, 3.2.4, 3.2.3, 3.2.2, 3.2.1, 3.2.0, 3.1.4, 3.1.3, 3.1.2, 3.1.1, 3.0.0, 2.7.0, 2.6.1, 2.6.0, 2.4.1, 2.4.0, 2.3.0, 2.2.0, 2.1.0, 2.0.1, 2.0.0, 1.2.1, 1.2.0, 1.1.0, 1.0.0, 0.2.0, 0.1.0, 0.0.9, 0.0.8, 0.0.7, 0.0.5, 0.0.4, 0.0.3, 0.0.2, 0.0.1
31 verbose stack
31 verbose stack     at pickVersionFromRegistryDocument (/usr/share/npm/lib/fetch-package-metadata.js:156:16)
31 verbose stack     at /usr/share/npm/node_modules/iferr/index.js:13:50
31 verbose stack     at /usr/share/npm/lib/utils/pulse-till-done.js:19:8
31 verbose stack     at saved (/usr/share/npm/lib/cache/caching-client.js:168:7)
31 verbose stack     at /usr/share/npm/node_modules/graceful-fs/polyfills.js:210:7
31 verbose stack     at FSReqWrap.oncomplete (fs.js:135:15)
32 verbose cwd /home/olga/Рабочий стол/Project/GridorNew
33 error Linux 5.4.0-52-generic
34 error argv "/usr/bin/node" "/usr/bin/npm" "install" "gulp@next"
35 error node v8.10.0
36 error npm  v3.5.2
37 error No compatible version found: gulp@next
37 error Valid install targets:
37 error 4.0.2, 4.0.1, 4.0.0, 3.9.1, 3.9.0, 3.8.11, 3.8.10, 3.8.9, 3.8.8, 3.8.7, 3.8.6, 3.8.5, 3.8.4, 3.8.3, 3.8.2, 3.8.1, 3.8.0, 3.7.0, 3.6.2, 3.6.1, 3.6.0, 3.5.6, 3.5.5, 3.5.2, 3.5.1, 3.5.0, 3.4.0, 3.3.4, 3.3.2, 3.3.1, 3.3.0, 3.2.5, 3.2.4, 3.2.3, 3.2.2, 3.2.1, 3.2.0, 3.1.4, 3.1.3, 3.1.2, 3.1.1, 3.0.0, 2.7.0, 2.6.1, 2.6.0, 2.4.1, 2.4.0, 2.3.0, 2.2.0, 2.1.0, 2.0.1, 2.0.0, 1.2.1, 1.2.0, 1.1.0, 1.0.0, 0.2.0, 0.1.0, 0.0.9, 0.0.8, 0.0.7, 0.0.5, 0.0.4, 0.0.3, 0.0.2, 0.0.1
38 error If you need help, you may report this error at:
38 error     <https://github.com/npm/npm/issues>
39 verbose exit [ 1, true ]
